<?xml version="1.0" encoding="UTF-8"?>
<!-- Generated by org.testng.reporters.JUnitXMLReporter -->
<testsuite hostname="FAHMIDA-LAPTOP" ignored="0" name="Default test" tests="2" failures="0" timestamp="2020-10-04T20:51:01 BDT" time="14.724" errors="0">
  <testcase name="CheckLoginPageTitle" time="9.847" classname="com.bjit.SeleniumOnlineProject2.Test.LoginTest"/>
  <testcase name="Logintest" time="4.809" classname="com.bjit.SeleniumOnlineProject2.Test.LoginTest"/>
</testsuite> <!-- Default test -->
